0 info it worked if it ends with ok
1 verbose cli [ '/usr/local/bin/node', '/usr/local/bin/npm', 'run', 'pub' ]
2 info using npm@2.14.12
3 info using node@v4.3.2
4 verbose run-script [ 'prepub', 'pub', 'postpub' ]
5 info prepub html-to-pdf@1.0.0
6 info pub html-to-pdf@1.0.0
7 verbose unsafe-perm in lifecycle true
8 info html-to-pdf@1.0.0 Failed to exec pub script
9 verbose stack Error: html-to-pdf@1.0.0 pub: `aws lambda update-function-code --function-name arn:aws:lambda:us-west-2:513485385076:function:html-to-pdf --zip-file fileb://html-to-pdf.zip`
9 verbose stack Exit status 255
9 verbose stack     at EventEmitter.<anonymous> (/usr/local/lib/node_modules/npm/lib/utils/lifecycle.js:214:16)
9 verbose stack     at emitTwo (events.js:87:13)
9 verbose stack     at EventEmitter.emit (events.js:172:7)
9 verbose stack     at ChildProcess.<anonymous> (/usr/local/lib/node_modules/npm/lib/utils/spawn.js:24:14)
9 verbose stack     at emitTwo (events.js:87:13)
9 verbose stack     at ChildProcess.emit (events.js:172:7)
9 verbose stack     at maybeClose (internal/child_process.js:821:16)
9 verbose stack     at Process.ChildProcess._handle.onexit (internal/child_process.js:211:5)
10 verbose pkgid html-to-pdf@1.0.0
11 verbose cwd /home/michael/github/html-to-pdf
12 error Linux 4.4.0-21-generic
13 error argv "/usr/local/bin/node" "/usr/local/bin/npm" "run" "pub"
14 error node v4.3.2
15 error npm  v2.14.12
16 error code ELIFECYCLE
17 error html-to-pdf@1.0.0 pub: `aws lambda update-function-code --function-name arn:aws:lambda:us-west-2:513485385076:function:html-to-pdf --zip-file fileb://html-to-pdf.zip`
17 error Exit status 255
18 error Failed at the html-to-pdf@1.0.0 pub script 'aws lambda update-function-code --function-name arn:aws:lambda:us-west-2:513485385076:function:html-to-pdf --zip-file fileb://html-to-pdf.zip'.
18 error This is most likely a problem with the html-to-pdf package,
18 error not with npm itself.
18 error Tell the author that this fails on your system:
18 error     aws lambda update-function-code --function-name arn:aws:lambda:us-west-2:513485385076:function:html-to-pdf --zip-file fileb://html-to-pdf.zip
18 error You can get their info via:
18 error     npm owner ls html-to-pdf
18 error There is likely additional logging output above.
19 verbose exit [ 1, true ]
